<?xml version="1.0" encoding="UTF-8"?>
<TestRun id="e55bc6d2-73f1-4688-8dc9-eccf792b1dab" name="2LincUser@4SOLUTIONS-PC 2015-03-12 08:28:17" runUser="4Solutions-PC\2LincUser" xmlns="http://microsoft.com/schemas/VisualStudio/TeamTest/2010">
  <TestSettings name="Local" id="869c56f6-67de-40ea-ae9f-82880625717d">
    <Description>These are default test settings for a local test run.</Description>
    <Deployment enabled="false" runDeploymentRoot="2LincUser_4SOLUTIONS-PC 2015-03-12 08_28_17">
      <DeploymentItem filename="C:\Agilitinet\1440-4SE-OrderLincVersion3\Application\OrderLincBulkUpload\OrderLincBulkUploadLib\bin\Release\OrderLincBulkUploadLib.dll" />
    </Deployment>
    <Execution>
      <TestTypeSpecific />
      <AgentRule name="Execution Agents">
      </AgentRule>
    </Execution>
  </TestSettings>
  <Times creation="2015-03-12T08:28:17.2109431+08:00" queuing="2015-03-12T08:28:19.5760783+08:00" start="2015-03-12T08:28:19.9040971+08:00" finish="2015-03-12T08:28:44.0542375+08:00" />
  <ResultSummary outcome="Completed">
    <Counters total="2" executed="2" passed="2" error="0" failed="0" timeout="0" aborted="0" inconclusive="0" passedButRunAborted="0" notRunnable="0" notExecuted="0" disconnected="0" warning="0" completed="0" inProgress="0" pending="0" />
  </ResultSummary>
  <TestDefinitions>
    <UnitTest name="Start" storage="c:\agilitinet\1440-4se-orderlincversion3\application\orderlincbulkupload\orderlincbulkuploadtest\bin\release\orderlincbulkuploadtest.dll" id="024361f7-75de-c046-2e9b-bd393865238e">
      <Execution id="f3dd6706-6065-4b2c-9a7f-d02c99a5c12c" />
      <TestMethod codeBase="C:/Agilitinet/1440-4SE-OrderLincVersion3/Application/OrderLincBulkUpload/OrderLincBulkUploadTest/bin/Release/OrderLincBulkUploadTest.DLL" adapterTypeName="Microsoft.VisualStudio.TestTools.TestTypes.Unit.UnitTestAdapter, Microsoft.VisualStudio.QualityTools.Tips.UnitTest.Adapter, Version=10.0.0.0, Culture=neutral, PublicKeyToken=b03f5f7f11d50a3a" className="OrderLincBulkUploadTest.BulkUploadServiceTest, OrderLincBulkUploadTest, Version=1.0.5.0, Culture=neutral, PublicKeyToken=null" name="Start" />
    </UnitTest>
    <UnitTest name="Stop" storage="c:\agilitinet\1440-4se-orderlincversion3\application\orderlincbulkupload\orderlincbulkuploadtest\bin\release\orderlincbulkuploadtest.dll" id="7d61a9df-c41e-147f-3061-c83e6ae79c5f">
      <Execution id="ae08165e-b494-4e5e-8b3e-a42116705970" />
      <TestMethod codeBase="C:/Agilitinet/1440-4SE-OrderLincVersion3/Application/OrderLincBulkUpload/OrderLincBulkUploadTest/bin/Release/OrderLincBulkUploadTest.DLL" adapterTypeName="Microsoft.VisualStudio.TestTools.TestTypes.Unit.UnitTestAdapter, Microsoft.VisualStudio.QualityTools.Tips.UnitTest.Adapter, Version=10.0.0.0, Culture=neutral, PublicKeyToken=b03f5f7f11d50a3a" className="OrderLincBulkUploadTest.BulkUploadServiceTest, OrderLincBulkUploadTest, Version=1.0.5.0, Culture=neutral, PublicKeyToken=null" name="Stop" />
    </UnitTest>
  </TestDefinitions>
  <TestLists>
    <TestList name="Results Not in a List" id="8c84fa94-04c1-424b-9868-57a2d4851a1d" />
    <TestList name="All Loaded Results" id="19431567-8539-422a-85d7-44ee4e166bda" />
  </TestLists>
  <TestEntries>
    <TestEntry testId="024361f7-75de-c046-2e9b-bd393865238e" executionId="f3dd6706-6065-4b2c-9a7f-d02c99a5c12c" testListId="8c84fa94-04c1-424b-9868-57a2d4851a1d" />
    <TestEntry testId="7d61a9df-c41e-147f-3061-c83e6ae79c5f" executionId="ae08165e-b494-4e5e-8b3e-a42116705970" testListId="8c84fa94-04c1-424b-9868-57a2d4851a1d" />
  </TestEntries>
  <Results>
    <UnitTestResult executionId="f3dd6706-6065-4b2c-9a7f-d02c99a5c12c" testId="024361f7-75de-c046-2e9b-bd393865238e" testName="Start" computerName="4SOLUTIONS-PC" duration="00:00:20.8304015" startTime="2015-03-12T08:28:20.2701180+08:00" endTime="2015-03-12T08:28:43.8042371+08:00" testType="13cdc9d9-ddb5-4fa4-a97d-d965ccfc6d4b" outcome="Passed" testListId="8c84fa94-04c1-424b-9868-57a2d4851a1d" relativeResultsDirectory="f3dd6706-6065-4b2c-9a7f-d02c99a5c12c">
    </UnitTestResult>
    <UnitTestResult executionId="ae08165e-b494-4e5e-8b3e-a42116705970" testId="7d61a9df-c41e-147f-3061-c83e6ae79c5f" testName="Stop" computerName="4SOLUTIONS-PC" duration="00:00:00.0212702" startTime="2015-03-12T08:28:43.8442372+08:00" endTime="2015-03-12T08:28:43.8942373+08:00" testType="13cdc9d9-ddb5-4fa4-a97d-d965ccfc6d4b" outcome="Passed" testListId="8c84fa94-04c1-424b-9868-57a2d4851a1d" relativeResultsDirectory="ae08165e-b494-4e5e-8b3e-a42116705970">
    </UnitTestResult>
  </Results>
</TestRun>