<?xml version="1.0" encoding="UTF-8"?>
<TestRun id="95576fce-2593-4b0c-a4db-614155e8544b" name="2LincUser@4SOLUTIONS-PC 2015-03-11 13:57:18" runUser="4Solutions-PC\2LincUser" xmlns="http://microsoft.com/schemas/VisualStudio/TeamTest/2010">
  <TestSettings name="Local" id="869c56f6-67de-40ea-ae9f-82880625717d">
    <Description>These are default test settings for a local test run.</Description>
    <Deployment enabled="false" runDeploymentRoot="2LincUser_4SOLUTIONS-PC 2015-03-11 13_57_18">
      <DeploymentItem filename="C:\Agilitinet\1440-4SE-OrderLincVersion3\Application\OrderLincBulkUpload\OrderLincBulkUploadLib\bin\Release\OrderLincBulkUploadLib.dll" />
    </Deployment>
    <Execution>
      <TestTypeSpecific />
      <AgentRule name="Execution Agents">
      </AgentRule>
    </Execution>
  </TestSettings>
  <Times creation="2015-03-11T13:57:18.0880304+08:00" queuing="2015-03-11T13:57:20.5491711+08:00" start="2015-03-11T13:57:20.8151863+08:00" finish="2015-03-11T13:57:32.3598467+08:00" />
  <ResultSummary outcome="Completed">
    <Counters total="2" executed="2" passed="2" error="0" failed="0" timeout="0" aborted="0" inconclusive="0" passedButRunAborted="0" notRunnable="0" notExecuted="0" disconnected="0" warning="0" completed="0" inProgress="0" pending="0" />
  </ResultSummary>
  <TestDefinitions>
    <UnitTest name="Start" storage="c:\agilitinet\1440-4se-orderlincversion3\application\orderlincbulkupload\orderlincbulkuploadtest\bin\release\orderlincbulkuploadtest.dll" id="024361f7-75de-c046-2e9b-bd393865238e">
      <Execution id="6f2cb022-3e87-4874-ac50-3cfff2985418" />
      <TestMethod codeBase="C:/Agilitinet/1440-4SE-OrderLincVersion3/Application/OrderLincBulkUpload/OrderLincBulkUploadTest/bin/Release/OrderLincBulkUploadTest.DLL" adapterTypeName="Microsoft.VisualStudio.TestTools.TestTypes.Unit.UnitTestAdapter, Microsoft.VisualStudio.QualityTools.Tips.UnitTest.Adapter, Version=10.0.0.0, Culture=neutral, PublicKeyToken=b03f5f7f11d50a3a" className="OrderLincBulkUploadTest.BulkUploadServiceTest, OrderLincBulkUploadTest, Version=1.0.5.0, Culture=neutral, PublicKeyToken=null" name="Start" />
    </UnitTest>
    <UnitTest name="Stop" storage="c:\agilitinet\1440-4se-orderlincversion3\application\orderlincbulkupload\orderlincbulkuploadtest\bin\release\orderlincbulkuploadtest.dll" id="7d61a9df-c41e-147f-3061-c83e6ae79c5f">
      <Execution id="2ea311a4-4a51-406c-a5fe-23f529495fe4" />
      <TestMethod codeBase="C:/Agilitinet/1440-4SE-OrderLincVersion3/Application/OrderLincBulkUpload/OrderLincBulkUploadTest/bin/Release/OrderLincBulkUploadTest.DLL" adapterTypeName="Microsoft.VisualStudio.TestTools.TestTypes.Unit.UnitTestAdapter, Microsoft.VisualStudio.QualityTools.Tips.UnitTest.Adapter, Version=10.0.0.0, Culture=neutral, PublicKeyToken=b03f5f7f11d50a3a" className="OrderLincBulkUploadTest.BulkUploadServiceTest, OrderLincBulkUploadTest, Version=1.0.5.0, Culture=neutral, PublicKeyToken=null" name="Stop" />
    </UnitTest>
  </TestDefinitions>
  <TestLists>
    <TestList name="Results Not in a List" id="8c84fa94-04c1-424b-9868-57a2d4851a1d" />
    <TestList name="All Loaded Results" id="19431567-8539-422a-85d7-44ee4e166bda" />
  </TestLists>
  <TestEntries>
    <TestEntry testId="024361f7-75de-c046-2e9b-bd393865238e" executionId="6f2cb022-3e87-4874-ac50-3cfff2985418" testListId="8c84fa94-04c1-424b-9868-57a2d4851a1d" />
    <TestEntry testId="7d61a9df-c41e-147f-3061-c83e6ae79c5f" executionId="2ea311a4-4a51-406c-a5fe-23f529495fe4" testListId="8c84fa94-04c1-424b-9868-57a2d4851a1d" />
  </TestEntries>
  <Results>
    <UnitTestResult executionId="6f2cb022-3e87-4874-ac50-3cfff2985418" testId="024361f7-75de-c046-2e9b-bd393865238e" testName="Start" computerName="4SOLUTIONS-PC" duration="00:00:07.9738408" startTime="2015-03-11T13:57:21.1632062+08:00" endTime="2015-03-11T13:57:32.0658298+08:00" testType="13cdc9d9-ddb5-4fa4-a97d-d965ccfc6d4b" outcome="Passed" testListId="8c84fa94-04c1-424b-9868-57a2d4851a1d" relativeResultsDirectory="6f2cb022-3e87-4874-ac50-3cfff2985418">
    </UnitTestResult>
    <UnitTestResult executionId="2ea311a4-4a51-406c-a5fe-23f529495fe4" testId="7d61a9df-c41e-147f-3061-c83e6ae79c5f" testName="Stop" computerName="4SOLUTIONS-PC" duration="00:00:00.0201017" startTime="2015-03-11T13:57:32.0918313+08:00" endTime="2015-03-11T13:57:32.1368339+08:00" testType="13cdc9d9-ddb5-4fa4-a97d-d965ccfc6d4b" outcome="Passed" testListId="8c84fa94-04c1-424b-9868-57a2d4851a1d" relativeResultsDirectory="2ea311a4-4a51-406c-a5fe-23f529495fe4">
    </UnitTestResult>
  </Results>
</TestRun>